26-Feb-2020 11:05:51.251 SEVERE [main] org.apache.catalina.startup.Catalina.initDirs Cannot find specified temporary folder at D:\Divers\esisa\3eme annee\java s2\apache-tomcat-9.0.0.M11\temp
26-Feb-2020 11:05:52.721 INFO [main] org.apache.catalina.startup.VersionLoggerListener.log Server version:        Apache Tomcat/9.0.0.M11
26-Feb-2020 11:05:52.722 INFO [main] org.apache.catalina.startup.VersionLoggerListener.log Server built:          Oct 6 2016 18:54:10 UTC
26-Feb-2020 11:05:52.722 INFO [main] org.apache.catalina.startup.VersionLoggerListener.log Server number:         9.0.0.0
26-Feb-2020 11:05:52.723 INFO [main] org.apache.catalina.startup.VersionLoggerListener.log OS Name:               Windows 10
26-Feb-2020 11:05:52.723 INFO [main] org.apache.catalina.startup.VersionLoggerListener.log OS Version:            10.0
26-Feb-2020 11:05:52.723 INFO [main] org.apache.catalina.startup.VersionLoggerListener.log Architecture:          amd64
26-Feb-2020 11:05:52.723 INFO [main] org.apache.catalina.startup.VersionLoggerListener.log Java Home:             C:\Program Files\Java\jre1.8.0_211
26-Feb-2020 11:05:52.723 INFO [main] org.apache.catalina.startup.VersionLoggerListener.log JVM Version:           1.8.0_211-b12
26-Feb-2020 11:05:52.723 INFO [main] org.apache.catalina.startup.VersionLoggerListener.log JVM Vendor:            Oracle Corporation
26-Feb-2020 11:05:52.723 INFO [main] org.apache.catalina.startup.VersionLoggerListener.log CATALINA_BASE:         D:\Divers\esisa\3eme annee\java s2\apache-tomcat-9.0.0.M11
26-Feb-2020 11:05:52.723 INFO [main] org.apache.catalina.startup.VersionLoggerListener.log CATALINA_HOME:         D:\Divers\esisa\3eme annee\java s2\apache-tomcat-9.0.0.M11
26-Feb-2020 11:05:52.724 INFO [main] org.apache.catalina.startup.VersionLoggerListener.log Command line argument: -Djdk.tls.ephemeralDHKeySize=2048
26-Feb-2020 11:05:52.724 INFO [main] org.apache.catalina.startup.VersionLoggerListener.log Command line argument: -Djava.protocol.handler.pkgs=org.apache.catalina.webresources
26-Feb-2020 11:05:52.724 INFO [main] org.apache.catalina.startup.VersionLoggerListener.log Command line argument: -Djava.util.logging.config.file=D:\Divers\esisa\3eme annee\java s2\apache-tomcat-9.0.0.M11\conf\logging.properties
26-Feb-2020 11:05:52.724 INFO [main] org.apache.catalina.startup.VersionLoggerListener.log Command line argument: -Djava.util.logging.manager=org.apache.juli.ClassLoaderLogManager
26-Feb-2020 11:05:52.724 INFO [main] org.apache.catalina.startup.VersionLoggerListener.log Command line argument: -Dcatalina.base=D:\Divers\esisa\3eme annee\java s2\apache-tomcat-9.0.0.M11
26-Feb-2020 11:05:52.726 INFO [main] org.apache.catalina.startup.VersionLoggerListener.log Command line argument: -Dcatalina.home=D:\Divers\esisa\3eme annee\java s2\apache-tomcat-9.0.0.M11
26-Feb-2020 11:05:52.727 INFO [main] org.apache.catalina.startup.VersionLoggerListener.log Command line argument: -Djava.io.tmpdir=D:\Divers\esisa\3eme annee\java s2\apache-tomcat-9.0.0.M11\temp
26-Feb-2020 11:05:52.727 INFO [main] org.apache.catalina.core.AprLifecycleListener.lifecycleEvent The APR based Apache Tomcat Native library which allows optimal performance in production environments was not found on the java.library.path: C:\Program Files\Java\jre1.8.0_211\bin;C:\WINDOWS\Sun\Java\bin;C:\WINDOWS\system32;C:\WINDOWS;C:\WINDOWS\system32\WBEM;C:\Program Files (x86)\Common Files\Oracle\Java\javapath;C:\WINDOWS\system32\WBEM;C:\WINDOWS\system32\WBEM;C:\WINDOWS\system32\WBEM;C:\WINDOWS\system32\WBEM;C:\WINDOWS\system32\WBEM;C:\WINDOWS\system32\WBEM;C:\WINDOWS\system32\WBEM;C:\WINDOWS\system32\WBEM;C:\WINDOWS\system32\WBEM;C:\WINDOWS\system32\WBEM;C:\WINDOWS\system32\WBEM;C:\WINDOWS\system32\WBEM;C:\Program Files\Microsoft MPI\Bin\;C:\ProgramData\Oracle\Java\javapath;C:\WINDOWS\system32;C:\WINDOWS;C:\WINDOWS\System32\Wbem;C:\WINDOWS\System32\WindowsPowerShell\v1.0\;C:\Program Files\Microsoft SQL Server\110\Tools\Binn\;C:\Program Files\nodejs\;C:\Program Files (x86)\Addinsoft\XLSTAT2011;C:\WINDOWS\System32\OpenSSH\;C:\Program Files\dotnet\;C:\Program Files\Microsoft SQL Server\130\Tools\Binn\;c:\Program Files (x86)\Microsoft SQL Server\110\Tools\Binn\ManagementStudio\;c:\Program Files (x86)\Microsoft SQL Server\110\Tools\Binn\;c:\Program Files (x86)\Microsoft SQL Server\110\DTS\Binn\;C:\Program Files (x86)\MySQL\MySQL Fabric 1.5 & MySQL Utilities 1.5\;C:\Program Files (x86)\MySQL\MySQL Fabric 1.5 & MySQL Utilities 1.5\Doctrine extensions for PHP\;c:\Program Files\Microsoft SQL Server\110\DTS\Binn\;C:\Users\zrs\AppData\Roaming\npm;C:\Users\zrs\AppData\Local\atom\bin;C:\Users\zrs\AppData\Local\Microsoft\WindowsApps;C:\Users\zrs\AppData\Local\Programs\Microsoft VS Code\bin;C:\PHP7;C:\Users\zrs\AppData\Roaming\Composer\vendor\bin;C:\Program Files\JetBrains\WebStorm 2019.1\bin;C:\Program Files\Cloud Foundry;C:\Users\zrs\AppData\Local\Android\Sdk;C:\Program Files\Java\jdk1.8.0_211;C:\Users\zrs\AppData\Local\Android\Sdk\platforms;C:\Users\zrs\AppData\Local\Android\Sdk\platform-tools;C:\Users\zrs\AppData\Local\Android\Sdk\build-tools;C:\Users\zrs\AppData\Local\Android\Sdk\tools;C:\Program Files\Git\cmd;C:\ProgramData\ComposerSetup\bin;C:\Program Files\Symfony;C:\Program Files\Microsoft SQL Server\Client SDK\ODBC\170\Tools\Binn\;C:\Users\zrs\AppData\Roaming\npm;C:\Users\zrs\AppData\Local\atom\bin;C:\Users\zrs\AppData\Local\Microsoft\WindowsApps;C:\Users\zrs\AppData\Local\Programs\Microsoft VS Code\bin;C:\Users\zrs\AppData\Roaming\Composer\vendor\bin;C:\PHP7;C:\Program Files\JetBrains\WebStorm 2019.1\bin;;C:\Users\zrs\AppData\Local\Android\Sdk;;C:\Program Files\JetBrains\IntelliJ IDEA 2019.3.1\bin;C:\Users\zrs\.dotnet\tools;.
26-Feb-2020 11:05:54.280 INFO [main] org.apache.coyote.AbstractProtocol.init Initializing ProtocolHandler ["http-nio-8080"]
26-Feb-2020 11:05:55.373 INFO [main] org.apache.tomcat.util.net.NioSelectorPool.getSharedSelector Using a shared selector for servlet write/read
26-Feb-2020 11:05:55.376 INFO [main] org.apache.coyote.AbstractProtocol.init Initializing ProtocolHandler ["ajp-nio-8009"]
26-Feb-2020 11:05:55.383 INFO [main] org.apache.tomcat.util.net.NioSelectorPool.getSharedSelector Using a shared selector for servlet write/read
26-Feb-2020 11:05:55.383 INFO [main] org.apache.catalina.startup.Catalina.load Initialization processed in 4146 ms
26-Feb-2020 11:05:55.478 INFO [main] org.apache.catalina.core.StandardService.startInternal Starting service Catalina
26-Feb-2020 11:05:55.479 INFO [main] org.apache.catalina.core.StandardEngine.startInternal Starting Servlet Engine: Apache Tomcat/9.0.0.M11
26-Feb-2020 11:05:55.631 INFO [localhost-startStop-1] org.apache.catalina.startup.HostConfig.deployWAR Deploying web application archive D:\Divers\esisa\3eme annee\java s2\apache-tomcat-9.0.0.M11\webapps\p01.war
26-Feb-2020 11:05:56.459 FINE [localhost-startStop-1] org.apache.jasper.servlet.TldScanner.scanResourcePaths No TLD files were found in resource path [/WEB-INF/].
26-Feb-2020 11:05:56.561 INFO [localhost-startStop-1] org.apache.catalina.startup.HostConfig.deployWAR Deployment of web application archive D:\Divers\esisa\3eme annee\java s2\apache-tomcat-9.0.0.M11\webapps\p01.war has finished in 919 ms
26-Feb-2020 11:05:56.564 INFO [localhost-startStop-1] org.apache.catalina.startup.HostConfig.deployDirectory Deploying web application directory D:\Divers\esisa\3eme annee\java s2\apache-tomcat-9.0.0.M11\webapps\docs
26-Feb-2020 11:05:56.644 FINE [localhost-startStop-1] org.apache.jasper.servlet.TldScanner.scanResourcePaths No TLD files were found in resource path [/WEB-INF/].
26-Feb-2020 11:05:56.652 INFO [localhost-startStop-1] org.apache.catalina.startup.HostConfig.deployDirectory Deployment of web application directory D:\Divers\esisa\3eme annee\java s2\apache-tomcat-9.0.0.M11\webapps\docs has finished in 87 ms
26-Feb-2020 11:05:56.653 INFO [localhost-startStop-1] org.apache.catalina.startup.HostConfig.deployDirectory Deploying web application directory D:\Divers\esisa\3eme annee\java s2\apache-tomcat-9.0.0.M11\webapps\examples
26-Feb-2020 11:05:59.845 FINE [localhost-startStop-1] org.apache.jasper.servlet.TldScanner.scanResourcePaths No TLD files were found in resource path [/WEB-INF/jsp/applet/].
26-Feb-2020 11:05:59.846 FINE [localhost-startStop-1] org.apache.jasper.servlet.TldScanner.scanResourcePaths TLD files were found in resource path [/WEB-INF/jsp/].
26-Feb-2020 11:05:59.854 FINE [localhost-startStop-1] org.apache.jasper.servlet.TldScanner.scanResourcePaths No TLD files were found in resource path [/WEB-INF/tags/].
26-Feb-2020 11:05:59.859 FINE [localhost-startStop-1] org.apache.jasper.servlet.TldScanner.scanResourcePaths TLD files were found in resource path [/WEB-INF/jsp2/].
26-Feb-2020 11:05:59.862 FINE [localhost-startStop-1] org.apache.jasper.servlet.TldScanner.scanResourcePaths No TLD files were found in resource path [/WEB-INF/].
26-Feb-2020 11:06:00.002 FINE [localhost-startStop-1] org.apache.jasper.servlet.TldScanner$TldScannerCallback.scan TLD files were found in JAR [file:/D:/Divers/esisa/3eme%20annee/java%20s2/apache-tomcat-9.0.0.M11/webapps/examples/WEB-INF/lib/taglibs-standard-impl-1.2.5.jar].
26-Feb-2020 11:06:00.131 INFO [localhost-startStop-1] org.apache.catalina.startup.HostConfig.deployDirectory Deployment of web application directory D:\Divers\esisa\3eme annee\java s2\apache-tomcat-9.0.0.M11\webapps\examples has finished in 3,478 ms
26-Feb-2020 11:06:00.131 INFO [localhost-startStop-1] org.apache.catalina.startup.HostConfig.deployDirectory Deploying web application directory D:\Divers\esisa\3eme annee\java s2\apache-tomcat-9.0.0.M11\webapps\host-manager
26-Feb-2020 11:06:00.302 FINE [localhost-startStop-1] org.apache.jasper.servlet.TldScanner.scanResourcePaths No TLD files were found in resource path [/WEB-INF/jsp/].
26-Feb-2020 11:06:00.303 FINE [localhost-startStop-1] org.apache.jasper.servlet.TldScanner.scanResourcePaths No TLD files were found in resource path [/WEB-INF/].
26-Feb-2020 11:06:00.311 INFO [localhost-startStop-1] org.apache.catalina.startup.HostConfig.deployDirectory Deployment of web application directory D:\Divers\esisa\3eme annee\java s2\apache-tomcat-9.0.0.M11\webapps\host-manager has finished in 179 ms
26-Feb-2020 11:06:00.311 INFO [localhost-startStop-1] org.apache.catalina.startup.HostConfig.deployDirectory Deploying web application directory D:\Divers\esisa\3eme annee\java s2\apache-tomcat-9.0.0.M11\webapps\manager
26-Feb-2020 11:06:00.417 FINE [localhost-startStop-1] org.apache.jasper.servlet.TldScanner.scanResourcePaths No TLD files were found in resource path [/WEB-INF/jsp/].
26-Feb-2020 11:06:00.420 FINE [localhost-startStop-1] org.apache.jasper.servlet.TldScanner.scanResourcePaths No TLD files were found in resource path [/WEB-INF/].
26-Feb-2020 11:06:00.520 INFO [localhost-startStop-1] org.apache.catalina.startup.HostConfig.deployDirectory Deployment of web application directory D:\Divers\esisa\3eme annee\java s2\apache-tomcat-9.0.0.M11\webapps\manager has finished in 209 ms
26-Feb-2020 11:06:00.520 INFO [localhost-startStop-1] org.apache.catalina.startup.HostConfig.deployDirectory Deploying web application directory D:\Divers\esisa\3eme annee\java s2\apache-tomcat-9.0.0.M11\webapps\ROOT
26-Feb-2020 11:06:00.587 FINE [localhost-startStop-1] org.apache.jasper.servlet.TldScanner.scanResourcePaths No TLD files were found in resource path [/WEB-INF/].
26-Feb-2020 11:06:00.593 INFO [localhost-startStop-1] org.apache.catalina.startup.HostConfig.deployDirectory Deployment of web application directory D:\Divers\esisa\3eme annee\java s2\apache-tomcat-9.0.0.M11\webapps\ROOT has finished in 73 ms
26-Feb-2020 11:06:00.605 INFO [main] org.apache.coyote.AbstractProtocol.start Starting ProtocolHandler [http-nio-8080]
26-Feb-2020 11:06:00.616 INFO [main] org.apache.coyote.AbstractProtocol.start Starting ProtocolHandler [ajp-nio-8009]
26-Feb-2020 11:06:00.622 INFO [main] org.apache.catalina.startup.Catalina.start Server startup in 5237 ms
26-Feb-2020 11:10:40.889 INFO [localhost-startStop-2] org.apache.catalina.startup.HostConfig.deployWAR Deploying web application archive D:\Divers\esisa\3eme annee\java s2\apache-tomcat-9.0.0.M11\webapps\distro1.war
26-Feb-2020 11:10:40.991 FINE [localhost-startStop-2] org.apache.jasper.servlet.TldScanner.scanResourcePaths No TLD files were found in resource path [/WEB-INF/views/].
26-Feb-2020 11:10:40.991 FINE [localhost-startStop-2] org.apache.jasper.servlet.TldScanner.scanResourcePaths No TLD files were found in resource path [/WEB-INF/].
26-Feb-2020 11:10:40.999 INFO [localhost-startStop-2] org.apache.catalina.startup.HostConfig.deployWAR Deployment of web application archive D:\Divers\esisa\3eme annee\java s2\apache-tomcat-9.0.0.M11\webapps\distro1.war has finished in 110 ms
26-Feb-2020 11:18:27.763 INFO [http-nio-8080-exec-15] org.apache.catalina.startup.HostConfig.undeploy Undeploying context [/distro1]
26-Feb-2020 11:20:33.958 INFO [Thread-5] org.apache.coyote.AbstractProtocol.pause Pausing ProtocolHandler ["http-nio-8080"]
26-Feb-2020 11:20:34.043 INFO [Thread-5] org.apache.coyote.AbstractProtocol.pause Pausing ProtocolHandler ["ajp-nio-8009"]
26-Feb-2020 11:20:34.096 INFO [Thread-5] org.apache.catalina.core.StandardService.stopInternal Stopping service Catalina
26-Feb-2020 11:20:34.175 INFO [Thread-5] org.apache.coyote.AbstractProtocol.stop Stopping ProtocolHandler ["http-nio-8080"]
26-Feb-2020 11:20:34.181 INFO [Thread-5] org.apache.coyote.AbstractProtocol.stop Stopping ProtocolHandler ["ajp-nio-8009"]
26-Feb-2020 11:20:34.183 INFO [Thread-5] org.apache.coyote.AbstractProtocol.destroy Destroying ProtocolHandler ["http-nio-8080"]
26-Feb-2020 11:20:34.184 INFO [Thread-5] org.apache.coyote.AbstractProtocol.destroy Destroying ProtocolHandler ["ajp-nio-8009"]
26-Feb-2020 11:20:52.144 SEVERE [main] org.apache.catalina.startup.Catalina.initDirs Cannot find specified temporary folder at D:\Divers\esisa\3eme annee\java s2\apache-tomcat-9.0.0.M11\temp
26-Feb-2020 11:20:52.637 INFO [main] org.apache.catalina.startup.VersionLoggerListener.log Server version:        Apache Tomcat/9.0.0.M11
26-Feb-2020 11:20:52.638 INFO [main] org.apache.catalina.startup.VersionLoggerListener.log Server built:          Oct 6 2016 18:54:10 UTC
26-Feb-2020 11:20:52.639 INFO [main] org.apache.catalina.startup.VersionLoggerListener.log Server number:         9.0.0.0
26-Feb-2020 11:20:52.639 INFO [main] org.apache.catalina.startup.VersionLoggerListener.log OS Name:               Windows 10
26-Feb-2020 11:20:52.639 INFO [main] org.apache.catalina.startup.VersionLoggerListener.log OS Version:            10.0
26-Feb-2020 11:20:52.639 INFO [main] org.apache.catalina.startup.VersionLoggerListener.log Architecture:          amd64
26-Feb-2020 11:20:52.640 INFO [main] org.apache.catalina.startup.VersionLoggerListener.log Java Home:             C:\Program Files\Java\jre1.8.0_211
26-Feb-2020 11:20:52.640 INFO [main] org.apache.catalina.startup.VersionLoggerListener.log JVM Version:           1.8.0_211-b12
26-Feb-2020 11:20:52.640 INFO [main] org.apache.catalina.startup.VersionLoggerListener.log JVM Vendor:            Oracle Corporation
26-Feb-2020 11:20:52.640 INFO [main] org.apache.catalina.startup.VersionLoggerListener.log CATALINA_BASE:         D:\Divers\esisa\3eme annee\java s2\apache-tomcat-9.0.0.M11
26-Feb-2020 11:20:52.640 INFO [main] org.apache.catalina.startup.VersionLoggerListener.log CATALINA_HOME:         D:\Divers\esisa\3eme annee\java s2\apache-tomcat-9.0.0.M11
26-Feb-2020 11:20:52.641 INFO [main] org.apache.catalina.startup.VersionLoggerListener.log Command line argument: -Djdk.tls.ephemeralDHKeySize=2048
26-Feb-2020 11:20:52.641 INFO [main] org.apache.catalina.startup.VersionLoggerListener.log Command line argument: -Djava.protocol.handler.pkgs=org.apache.catalina.webresources
26-Feb-2020 11:20:52.641 INFO [main] org.apache.catalina.startup.VersionLoggerListener.log Command line argument: -Djava.util.logging.config.file=D:\Divers\esisa\3eme annee\java s2\apache-tomcat-9.0.0.M11\conf\logging.properties
26-Feb-2020 11:20:52.642 INFO [main] org.apache.catalina.startup.VersionLoggerListener.log Command line argument: -Djava.util.logging.manager=org.apache.juli.ClassLoaderLogManager
26-Feb-2020 11:20:52.642 INFO [main] org.apache.catalina.startup.VersionLoggerListener.log Command line argument: -Dcatalina.base=D:\Divers\esisa\3eme annee\java s2\apache-tomcat-9.0.0.M11
26-Feb-2020 11:20:52.643 INFO [main] org.apache.catalina.startup.VersionLoggerListener.log Command line argument: -Dcatalina.home=D:\Divers\esisa\3eme annee\java s2\apache-tomcat-9.0.0.M11
26-Feb-2020 11:20:52.644 INFO [main] org.apache.catalina.startup.VersionLoggerListener.log Command line argument: -Djava.io.tmpdir=D:\Divers\esisa\3eme annee\java s2\apache-tomcat-9.0.0.M11\temp
26-Feb-2020 11:20:52.646 INFO [main] org.apache.catalina.core.AprLifecycleListener.lifecycleEvent The APR based Apache Tomcat Native library which allows optimal performance in production environments was not found on the java.library.path: C:\Program Files\Java\jre1.8.0_211\bin;C:\WINDOWS\Sun\Java\bin;C:\WINDOWS\system32;C:\WINDOWS;C:\WINDOWS\system32\WBEM;C:\Program Files (x86)\Common Files\Oracle\Java\javapath;C:\WINDOWS\system32\WBEM;C:\WINDOWS\system32\WBEM;C:\WINDOWS\system32\WBEM;C:\WINDOWS\system32\WBEM;C:\WINDOWS\system32\WBEM;C:\WINDOWS\system32\WBEM;C:\WINDOWS\system32\WBEM;C:\WINDOWS\system32\WBEM;C:\WINDOWS\system32\WBEM;C:\WINDOWS\system32\WBEM;C:\WINDOWS\system32\WBEM;C:\WINDOWS\system32\WBEM;C:\Program Files\Microsoft MPI\Bin\;C:\ProgramData\Oracle\Java\javapath;C:\WINDOWS\system32;C:\WINDOWS;C:\WINDOWS\System32\Wbem;C:\WINDOWS\System32\WindowsPowerShell\v1.0\;C:\Program Files\Microsoft SQL Server\110\Tools\Binn\;C:\Program Files\nodejs\;C:\Program Files (x86)\Addinsoft\XLSTAT2011;C:\WINDOWS\System32\OpenSSH\;C:\Program Files\dotnet\;C:\Program Files\Microsoft SQL Server\130\Tools\Binn\;c:\Program Files (x86)\Microsoft SQL Server\110\Tools\Binn\ManagementStudio\;c:\Program Files (x86)\Microsoft SQL Server\110\Tools\Binn\;c:\Program Files (x86)\Microsoft SQL Server\110\DTS\Binn\;C:\Program Files (x86)\MySQL\MySQL Fabric 1.5 & MySQL Utilities 1.5\;C:\Program Files (x86)\MySQL\MySQL Fabric 1.5 & MySQL Utilities 1.5\Doctrine extensions for PHP\;c:\Program Files\Microsoft SQL Server\110\DTS\Binn\;C:\Users\zrs\AppData\Roaming\npm;C:\Users\zrs\AppData\Local\atom\bin;C:\Users\zrs\AppData\Local\Microsoft\WindowsApps;C:\Users\zrs\AppData\Local\Programs\Microsoft VS Code\bin;C:\PHP7;C:\Users\zrs\AppData\Roaming\Composer\vendor\bin;C:\Program Files\JetBrains\WebStorm 2019.1\bin;C:\Program Files\Cloud Foundry;C:\Users\zrs\AppData\Local\Android\Sdk;C:\Program Files\Java\jdk1.8.0_211;C:\Users\zrs\AppData\Local\Android\Sdk\platforms;C:\Users\zrs\AppData\Local\Android\Sdk\platform-tools;C:\Users\zrs\AppData\Local\Android\Sdk\build-tools;C:\Users\zrs\AppData\Local\Android\Sdk\tools;C:\Program Files\Git\cmd;C:\ProgramData\ComposerSetup\bin;C:\Program Files\Symfony;C:\Program Files\Microsoft SQL Server\Client SDK\ODBC\170\Tools\Binn\;C:\Users\zrs\AppData\Roaming\npm;C:\Users\zrs\AppData\Local\atom\bin;C:\Users\zrs\AppData\Local\Microsoft\WindowsApps;C:\Users\zrs\AppData\Local\Programs\Microsoft VS Code\bin;C:\Users\zrs\AppData\Roaming\Composer\vendor\bin;C:\PHP7;C:\Program Files\JetBrains\WebStorm 2019.1\bin;;C:\Users\zrs\AppData\Local\Android\Sdk;;C:\Program Files\JetBrains\IntelliJ IDEA 2019.3.1\bin;C:\Users\zrs\.dotnet\tools;.
26-Feb-2020 11:20:52.841 INFO [main] org.apache.coyote.AbstractProtocol.init Initializing ProtocolHandler ["http-nio-8080"]
26-Feb-2020 11:20:53.199 INFO [main] org.apache.tomcat.util.net.NioSelectorPool.getSharedSelector Using a shared selector for servlet write/read
26-Feb-2020 11:20:53.205 INFO [main] org.apache.coyote.AbstractProtocol.init Initializing ProtocolHandler ["ajp-nio-8009"]
26-Feb-2020 11:20:53.208 INFO [main] org.apache.tomcat.util.net.NioSelectorPool.getSharedSelector Using a shared selector for servlet write/read
26-Feb-2020 11:20:53.209 INFO [main] org.apache.catalina.startup.Catalina.load Initialization processed in 1065 ms
26-Feb-2020 11:20:53.250 INFO [main] org.apache.catalina.core.StandardService.startInternal Starting service Catalina
26-Feb-2020 11:20:53.250 INFO [main] org.apache.catalina.core.StandardEngine.startInternal Starting Servlet Engine: Apache Tomcat/9.0.0.M11
26-Feb-2020 11:20:53.280 INFO [localhost-startStop-1] org.apache.catalina.startup.HostConfig.deployWAR Deploying web application archive D:\Divers\esisa\3eme annee\java s2\apache-tomcat-9.0.0.M11\webapps\p01.war
26-Feb-2020 11:20:53.599 FINE [localhost-startStop-1] org.apache.jasper.servlet.TldScanner.scanResourcePaths No TLD files were found in resource path [/WEB-INF/].
26-Feb-2020 11:20:53.652 INFO [localhost-startStop-1] org.apache.catalina.startup.HostConfig.deployWAR Deployment of web application archive D:\Divers\esisa\3eme annee\java s2\apache-tomcat-9.0.0.M11\webapps\p01.war has finished in 371 ms
26-Feb-2020 11:20:53.655 INFO [localhost-startStop-1] org.apache.catalina.startup.HostConfig.deployDirectory Deploying web application directory D:\Divers\esisa\3eme annee\java s2\apache-tomcat-9.0.0.M11\webapps\docs
26-Feb-2020 11:20:53.687 FINE [localhost-startStop-1] org.apache.jasper.servlet.TldScanner.scanResourcePaths No TLD files were found in resource path [/WEB-INF/].
26-Feb-2020 11:20:53.692 INFO [localhost-startStop-1] org.apache.catalina.startup.HostConfig.deployDirectory Deployment of web application directory D:\Divers\esisa\3eme annee\java s2\apache-tomcat-9.0.0.M11\webapps\docs has finished in 36 ms
26-Feb-2020 11:20:53.692 INFO [localhost-startStop-1] org.apache.catalina.startup.HostConfig.deployDirectory Deploying web application directory D:\Divers\esisa\3eme annee\java s2\apache-tomcat-9.0.0.M11\webapps\examples
26-Feb-2020 11:20:54.096 FINE [localhost-startStop-1] org.apache.jasper.servlet.TldScanner.scanResourcePaths No TLD files were found in resource path [/WEB-INF/jsp/applet/].
26-Feb-2020 11:20:54.096 FINE [localhost-startStop-1] org.apache.jasper.servlet.TldScanner.scanResourcePaths TLD files were found in resource path [/WEB-INF/jsp/].
26-Feb-2020 11:20:54.101 FINE [localhost-startStop-1] org.apache.jasper.servlet.TldScanner.scanResourcePaths No TLD files were found in resource path [/WEB-INF/tags/].
26-Feb-2020 11:20:54.104 FINE [localhost-startStop-1] org.apache.jasper.servlet.TldScanner.scanResourcePaths TLD files were found in resource path [/WEB-INF/jsp2/].
26-Feb-2020 11:20:54.106 FINE [localhost-startStop-1] org.apache.jasper.servlet.TldScanner.scanResourcePaths No TLD files were found in resource path [/WEB-INF/].
26-Feb-2020 11:20:54.183 FINE [localhost-startStop-1] org.apache.jasper.servlet.TldScanner$TldScannerCallback.scan TLD files were found in JAR [file:/D:/Divers/esisa/3eme%20annee/java%20s2/apache-tomcat-9.0.0.M11/webapps/examples/WEB-INF/lib/taglibs-standard-impl-1.2.5.jar].
26-Feb-2020 11:20:54.285 INFO [localhost-startStop-1] org.apache.catalina.startup.HostConfig.deployDirectory Deployment of web application directory D:\Divers\esisa\3eme annee\java s2\apache-tomcat-9.0.0.M11\webapps\examples has finished in 593 ms
26-Feb-2020 11:20:54.285 INFO [localhost-startStop-1] org.apache.catalina.startup.HostConfig.deployDirectory Deploying web application directory D:\Divers\esisa\3eme annee\java s2\apache-tomcat-9.0.0.M11\webapps\host-manager
26-Feb-2020 11:20:54.325 FINE [localhost-startStop-1] org.apache.jasper.servlet.TldScanner.scanResourcePaths No TLD files were found in resource path [/WEB-INF/jsp/].
26-Feb-2020 11:20:54.325 FINE [localhost-startStop-1] org.apache.jasper.servlet.TldScanner.scanResourcePaths No TLD files were found in resource path [/WEB-INF/].
26-Feb-2020 11:20:54.333 INFO [localhost-startStop-1] org.apache.catalina.startup.HostConfig.deployDirectory Deployment of web application directory D:\Divers\esisa\3eme annee\java s2\apache-tomcat-9.0.0.M11\webapps\host-manager has finished in 48 ms
26-Feb-2020 11:20:54.333 INFO [localhost-startStop-1] org.apache.catalina.startup.HostConfig.deployDirectory Deploying web application directory D:\Divers\esisa\3eme annee\java s2\apache-tomcat-9.0.0.M11\webapps\manager
26-Feb-2020 11:20:54.366 FINE [localhost-startStop-1] org.apache.jasper.servlet.TldScanner.scanResourcePaths No TLD files were found in resource path [/WEB-INF/jsp/].
26-Feb-2020 11:20:54.367 FINE [localhost-startStop-1] org.apache.jasper.servlet.TldScanner.scanResourcePaths No TLD files were found in resource path [/WEB-INF/].
26-Feb-2020 11:20:54.406 INFO [localhost-startStop-1] org.apache.catalina.startup.HostConfig.deployDirectory Deployment of web application directory D:\Divers\esisa\3eme annee\java s2\apache-tomcat-9.0.0.M11\webapps\manager has finished in 73 ms
26-Feb-2020 11:20:54.406 INFO [localhost-startStop-1] org.apache.catalina.startup.HostConfig.deployDirectory Deploying web application directory D:\Divers\esisa\3eme annee\java s2\apache-tomcat-9.0.0.M11\webapps\ROOT
26-Feb-2020 11:20:54.436 FINE [localhost-startStop-1] org.apache.jasper.servlet.TldScanner.scanResourcePaths No TLD files were found in resource path [/WEB-INF/].
26-Feb-2020 11:20:54.443 INFO [localhost-startStop-1] org.apache.catalina.startup.HostConfig.deployDirectory Deployment of web application directory D:\Divers\esisa\3eme annee\java s2\apache-tomcat-9.0.0.M11\webapps\ROOT has finished in 37 ms
26-Feb-2020 11:20:54.446 INFO [main] org.apache.coyote.AbstractProtocol.start Starting ProtocolHandler [http-nio-8080]
26-Feb-2020 11:20:54.460 INFO [main] org.apache.coyote.AbstractProtocol.start Starting ProtocolHandler [ajp-nio-8009]
26-Feb-2020 11:20:54.464 INFO [main] org.apache.catalina.startup.Catalina.start Server startup in 1255 ms
26-Feb-2020 11:21:24.990 INFO [ContainerBackgroundProcessor[StandardEngine[Catalina]]] org.apache.catalina.startup.HostConfig.undeploy Undeploying context [/p01]
26-Feb-2020 11:21:45.052 INFO [localhost-startStop-2] org.apache.catalina.startup.HostConfig.deployWAR Deploying web application archive D:\Divers\esisa\3eme annee\java s2\apache-tomcat-9.0.0.M11\webapps\distro1.war
26-Feb-2020 11:21:45.148 INFO [localhost-startStop-2] org.apache.catalina.startup.HostConfig.deployWAR Deployment of web application archive D:\Divers\esisa\3eme annee\java s2\apache-tomcat-9.0.0.M11\webapps\distro1.war has finished in 96 ms
26-Feb-2020 11:22:03.276 INFO [http-nio-8080-exec-5] org.apache.catalina.startup.HostConfig.undeploy Undeploying context [/distro1]
26-Feb-2020 11:22:35.220 INFO [localhost-startStop-3] org.apache.catalina.startup.HostConfig.deployWAR Deploying web application archive D:\Divers\esisa\3eme annee\java s2\apache-tomcat-9.0.0.M11\webapps\distro1.war
26-Feb-2020 11:22:35.336 INFO [localhost-startStop-3] org.apache.catalina.startup.HostConfig.deployWAR Deployment of web application archive D:\Divers\esisa\3eme annee\java s2\apache-tomcat-9.0.0.M11\webapps\distro1.war has finished in 116 ms
26-Feb-2020 11:26:10.600 INFO [http-nio-8080-exec-12] org.apache.catalina.startup.HostConfig.undeploy Undeploying context [/distro1]
26-Feb-2020 11:26:35.574 INFO [localhost-startStop-4] org.apache.catalina.startup.HostConfig.deployWAR Deploying web application archive D:\Divers\esisa\3eme annee\java s2\apache-tomcat-9.0.0.M11\webapps\Distr.war
26-Feb-2020 11:26:35.669 INFO [localhost-startStop-4] org.apache.catalina.startup.HostConfig.deployWAR Deployment of web application archive D:\Divers\esisa\3eme annee\java s2\apache-tomcat-9.0.0.M11\webapps\Distr.war has finished in 95 ms
26-Feb-2020 11:31:17.708 INFO [http-nio-8080-exec-14] org.apache.catalina.startup.HostConfig.undeploy Undeploying context [/Distr]
26-Feb-2020 11:33:07.669 INFO [http-nio-8080-exec-23] org.apache.catalina.startup.HostConfig.deployWAR Deploying web application archive D:\Divers\esisa\3eme annee\java s2\apache-tomcat-9.0.0.M11\webapps\disr.war
26-Feb-2020 11:33:07.749 INFO [http-nio-8080-exec-23] org.apache.catalina.startup.HostConfig.deployWAR Deployment of web application archive D:\Divers\esisa\3eme annee\java s2\apache-tomcat-9.0.0.M11\webapps\disr.war has finished in 81 ms
26-Feb-2020 11:37:16.147 INFO [Thread-5] org.apache.coyote.AbstractProtocol.pause Pausing ProtocolHandler ["http-nio-8080"]
26-Feb-2020 11:37:16.203 INFO [Thread-5] org.apache.coyote.AbstractProtocol.pause Pausing ProtocolHandler ["ajp-nio-8009"]
26-Feb-2020 11:37:16.257 INFO [Thread-5] org.apache.catalina.core.StandardService.stopInternal Stopping service Catalina
26-Feb-2020 11:37:16.343 INFO [Thread-5] org.apache.coyote.AbstractProtocol.stop Stopping ProtocolHandler ["http-nio-8080"]
26-Feb-2020 11:37:16.347 INFO [Thread-5] org.apache.coyote.AbstractProtocol.stop Stopping ProtocolHandler ["ajp-nio-8009"]
26-Feb-2020 11:37:16.349 INFO [Thread-5] org.apache.coyote.AbstractProtocol.destroy Destroying ProtocolHandler ["http-nio-8080"]
26-Feb-2020 11:37:16.385 INFO [Thread-5] org.apache.coyote.AbstractProtocol.destroy Destroying ProtocolHandler ["ajp-nio-8009"]
