19-Mar-2019 14:38:05.553 INFO [main] org.apache.catalina.startup.VersionLoggerListener.log Server version:        Apache Tomcat/9.0.0.M11
19-Mar-2019 14:38:05.559 INFO [main] org.apache.catalina.startup.VersionLoggerListener.log Server built:          Oct 6 2016 18:54:10 UTC
19-Mar-2019 14:38:05.560 INFO [main] org.apache.catalina.startup.VersionLoggerListener.log Server number:         9.0.0.0
19-Mar-2019 14:38:05.560 INFO [main] org.apache.catalina.startup.VersionLoggerListener.log OS Name:               Windows 10
19-Mar-2019 14:38:05.560 INFO [main] org.apache.catalina.startup.VersionLoggerListener.log OS Version:            10.0
19-Mar-2019 14:38:05.561 INFO [main] org.apache.catalina.startup.VersionLoggerListener.log Architecture:          amd64
19-Mar-2019 14:38:05.561 INFO [main] org.apache.catalina.startup.VersionLoggerListener.log Java Home:             C:\Program Files\Java\jdk-10.0.2
19-Mar-2019 14:38:05.561 INFO [main] org.apache.catalina.startup.VersionLoggerListener.log JVM Version:           10.0.2+13
19-Mar-2019 14:38:05.561 INFO [main] org.apache.catalina.startup.VersionLoggerListener.log JVM Vendor:            "Oracle Corporation"
19-Mar-2019 14:38:05.562 INFO [main] org.apache.catalina.startup.VersionLoggerListener.log CATALINA_BASE:         D:\Divers\esisa\3eme annee\java s2\apache-tomcat-9.0.0.M11
19-Mar-2019 14:38:05.562 INFO [main] org.apache.catalina.startup.VersionLoggerListener.log CATALINA_HOME:         D:\Divers\esisa\3eme annee\java s2\apache-tomcat-9.0.0.M11
19-Mar-2019 14:38:05.562 INFO [main] org.apache.catalina.startup.VersionLoggerListener.log Command line argument: -Djdk.tls.ephemeralDHKeySize=2048
19-Mar-2019 14:38:05.563 INFO [main] org.apache.catalina.startup.VersionLoggerListener.log Command line argument: -Djava.protocol.handler.pkgs=org.apache.catalina.webresources
19-Mar-2019 14:38:05.563 INFO [main] org.apache.catalina.startup.VersionLoggerListener.log Command line argument: -Djava.util.logging.config.file=D:\Divers\esisa\3eme annee\java s2\apache-tomcat-9.0.0.M11\conf\logging.properties
19-Mar-2019 14:38:05.563 INFO [main] org.apache.catalina.startup.VersionLoggerListener.log Command line argument: -Djava.util.logging.manager=org.apache.juli.ClassLoaderLogManager
19-Mar-2019 14:38:05.563 INFO [main] org.apache.catalina.startup.VersionLoggerListener.log Command line argument: -Dcatalina.base=D:\Divers\esisa\3eme annee\java s2\apache-tomcat-9.0.0.M11
19-Mar-2019 14:38:05.563 INFO [main] org.apache.catalina.startup.VersionLoggerListener.log Command line argument: -Dcatalina.home=D:\Divers\esisa\3eme annee\java s2\apache-tomcat-9.0.0.M11
19-Mar-2019 14:38:05.564 INFO [main] org.apache.catalina.startup.VersionLoggerListener.log Command line argument: -Djava.io.tmpdir=D:\Divers\esisa\3eme annee\java s2\apache-tomcat-9.0.0.M11\temp
19-Mar-2019 14:38:05.565 INFO [main] org.apache.catalina.core.AprLifecycleListener.lifecycleEvent The APR based Apache Tomcat Native library which allows optimal performance in production environments was not found on the java.library.path: C:\Program Files\Java\jdk-10.0.2\bin;C:\WINDOWS\Sun\Java\bin;C:\WINDOWS\system32;C:\WINDOWS;C:\Program Files\Microsoft MPI\Bin\;C:\Program Files (x86)\EasyPHP-DevServer-14.1VC9\binaries\php\php_runningversion;C:\Program Files (x86)\Common Files\Oracle\Java\javapath;C:\ProgramData\Oracle\Java\javapath;C:\WINDOWS\system32;C:\WINDOWS;C:\WINDOWS\System32\Wbem;C:\WINDOWS\System32\WindowsPowerShell\v1.0\;C:\Program Files\Microsoft SQL Server\110\Tools\Binn\;C:\Program Files\nodejs\;C:\Program Files (x86)\Addinsoft\XLSTAT2011;C:\WINDOWS\System32\OpenSSH\;C:\Program Files\dotnet\;C:\Program Files\Microsoft SQL Server\130\Tools\Binn\;c:\Program Files (x86)\Microsoft SQL Server\110\Tools\Binn\ManagementStudio\;c:\Program Files (x86)\Microsoft SQL Server\110\Tools\Binn\;c:\Program Files (x86)\Microsoft SQL Server\110\DTS\Binn\;C:\Program Files (x86)\MySQL\MySQL Fabric 1.5 & MySQL Utilities 1.5\;C:\Program Files (x86)\MySQL\MySQL Fabric 1.5 & MySQL Utilities 1.5\Doctrine extensions for PHP\;c:\Program Files\Microsoft SQL Server\110\DTS\Binn\;C:\Program Files\Git\cmd;C:\Users\zrs\AppData\Roaming\npm;C:\Users\zrs\AppData\Local\atom\bin;C:\Users\zrs\AppData\Local\Microsoft\WindowsApps;C:\Users\zrs\AppData\Local\Programs\Microsoft VS Code\bin;.
19-Mar-2019 14:38:05.740 INFO [main] org.apache.coyote.AbstractProtocol.init Initializing ProtocolHandler ["http-nio-8080"]
19-Mar-2019 14:38:06.262 INFO [main] org.apache.tomcat.util.net.NioSelectorPool.getSharedSelector Using a shared selector for servlet write/read
19-Mar-2019 14:38:06.287 INFO [main] org.apache.coyote.AbstractProtocol.init Initializing ProtocolHandler ["ajp-nio-8009"]
19-Mar-2019 14:38:06.311 INFO [main] org.apache.tomcat.util.net.NioSelectorPool.getSharedSelector Using a shared selector for servlet write/read
19-Mar-2019 14:38:06.311 INFO [main] org.apache.catalina.startup.Catalina.load Initialization processed in 2507 ms
19-Mar-2019 14:38:06.594 INFO [main] org.apache.catalina.core.StandardService.startInternal Starting service Catalina
19-Mar-2019 14:38:06.597 INFO [main] org.apache.catalina.core.StandardEngine.startInternal Starting Servlet Engine: Apache Tomcat/9.0.0.M11
19-Mar-2019 14:38:06.736 INFO [localhost-startStop-1] org.apache.catalina.startup.HostConfig.deployWAR Deploying web application archive D:\Divers\esisa\3eme annee\java s2\apache-tomcat-9.0.0.M11\webapps\p01.war
19-Mar-2019 14:38:07.989 INFO [localhost-startStop-1] org.apache.catalina.util.SessionIdGeneratorBase.createSecureRandom Creation of SecureRandom instance for session ID generation using [SHA1PRNG] took [227] milliseconds.
19-Mar-2019 14:38:08.056 INFO [localhost-startStop-1] org.apache.catalina.startup.HostConfig.deployWAR Deployment of web application archive D:\Divers\esisa\3eme annee\java s2\apache-tomcat-9.0.0.M11\webapps\p01.war has finished in 1,320 ms
19-Mar-2019 14:38:08.058 INFO [localhost-startStop-1] org.apache.catalina.startup.HostConfig.deployDirectory Deploying web application directory D:\Divers\esisa\3eme annee\java s2\apache-tomcat-9.0.0.M11\webapps\docs
19-Mar-2019 14:38:08.136 INFO [localhost-startStop-1] org.apache.catalina.startup.HostConfig.deployDirectory Deployment of web application directory D:\Divers\esisa\3eme annee\java s2\apache-tomcat-9.0.0.M11\webapps\docs has finished in 78 ms
19-Mar-2019 14:38:08.138 INFO [localhost-startStop-1] org.apache.catalina.startup.HostConfig.deployDirectory Deploying web application directory D:\Divers\esisa\3eme annee\java s2\apache-tomcat-9.0.0.M11\webapps\examples
19-Mar-2019 14:38:10.494 INFO [localhost-startStop-1] org.apache.catalina.startup.HostConfig.deployDirectory Deployment of web application directory D:\Divers\esisa\3eme annee\java s2\apache-tomcat-9.0.0.M11\webapps\examples has finished in 2,356 ms
19-Mar-2019 14:38:10.495 INFO [localhost-startStop-1] org.apache.catalina.startup.HostConfig.deployDirectory Deploying web application directory D:\Divers\esisa\3eme annee\java s2\apache-tomcat-9.0.0.M11\webapps\host-manager
19-Mar-2019 14:38:10.578 INFO [localhost-startStop-1] org.apache.catalina.startup.HostConfig.deployDirectory Deployment of web application directory D:\Divers\esisa\3eme annee\java s2\apache-tomcat-9.0.0.M11\webapps\host-manager has finished in 82 ms
19-Mar-2019 14:38:10.578 INFO [localhost-startStop-1] org.apache.catalina.startup.HostConfig.deployDirectory Deploying web application directory D:\Divers\esisa\3eme annee\java s2\apache-tomcat-9.0.0.M11\webapps\manager
19-Mar-2019 14:38:10.649 INFO [localhost-startStop-1] org.apache.catalina.startup.HostConfig.deployDirectory Deployment of web application directory D:\Divers\esisa\3eme annee\java s2\apache-tomcat-9.0.0.M11\webapps\manager has finished in 71 ms
19-Mar-2019 14:38:10.650 INFO [localhost-startStop-1] org.apache.catalina.startup.HostConfig.deployDirectory Deploying web application directory D:\Divers\esisa\3eme annee\java s2\apache-tomcat-9.0.0.M11\webapps\ROOT
19-Mar-2019 14:38:10.739 INFO [localhost-startStop-1] org.apache.catalina.startup.HostConfig.deployDirectory Deployment of web application directory D:\Divers\esisa\3eme annee\java s2\apache-tomcat-9.0.0.M11\webapps\ROOT has finished in 89 ms
19-Mar-2019 14:38:10.747 INFO [main] org.apache.coyote.AbstractProtocol.start Starting ProtocolHandler [http-nio-8080]
19-Mar-2019 14:38:10.762 INFO [main] org.apache.coyote.AbstractProtocol.start Starting ProtocolHandler [ajp-nio-8009]
19-Mar-2019 14:38:10.769 INFO [main] org.apache.catalina.startup.Catalina.start Server startup in 4455 ms
19-Mar-2019 14:47:24.039 INFO [Thread-4] org.apache.coyote.AbstractProtocol.pause Pausing ProtocolHandler ["http-nio-8080"]
19-Mar-2019 14:47:24.136 INFO [Thread-4] org.apache.coyote.AbstractProtocol.pause Pausing ProtocolHandler ["ajp-nio-8009"]
19-Mar-2019 14:47:24.187 INFO [Thread-4] org.apache.catalina.core.StandardService.stopInternal Stopping service Catalina
19-Mar-2019 14:47:24.281 INFO [Thread-4] org.apache.coyote.AbstractProtocol.stop Stopping ProtocolHandler ["http-nio-8080"]
19-Mar-2019 14:47:24.289 INFO [Thread-4] org.apache.coyote.AbstractProtocol.stop Stopping ProtocolHandler ["ajp-nio-8009"]
19-Mar-2019 14:47:24.296 INFO [Thread-4] org.apache.coyote.AbstractProtocol.destroy Destroying ProtocolHandler ["http-nio-8080"]
19-Mar-2019 14:47:24.299 INFO [Thread-4] org.apache.coyote.AbstractProtocol.destroy Destroying ProtocolHandler ["ajp-nio-8009"]
19-Mar-2019 14:47:30.409 INFO [main] org.apache.catalina.startup.VersionLoggerListener.log Server version:        Apache Tomcat/9.0.0.M11
19-Mar-2019 14:47:30.419 INFO [main] org.apache.catalina.startup.VersionLoggerListener.log Server built:          Oct 6 2016 18:54:10 UTC
19-Mar-2019 14:47:30.422 INFO [main] org.apache.catalina.startup.VersionLoggerListener.log Server number:         9.0.0.0
19-Mar-2019 14:47:30.423 INFO [main] org.apache.catalina.startup.VersionLoggerListener.log OS Name:               Windows 10
19-Mar-2019 14:47:30.423 INFO [main] org.apache.catalina.startup.VersionLoggerListener.log OS Version:            10.0
19-Mar-2019 14:47:30.424 INFO [main] org.apache.catalina.startup.VersionLoggerListener.log Architecture:          amd64
19-Mar-2019 14:47:30.424 INFO [main] org.apache.catalina.startup.VersionLoggerListener.log Java Home:             C:\Program Files\Java\jdk-10.0.2
19-Mar-2019 14:47:30.424 INFO [main] org.apache.catalina.startup.VersionLoggerListener.log JVM Version:           10.0.2+13
19-Mar-2019 14:47:30.425 INFO [main] org.apache.catalina.startup.VersionLoggerListener.log JVM Vendor:            "Oracle Corporation"
19-Mar-2019 14:47:30.425 INFO [main] org.apache.catalina.startup.VersionLoggerListener.log CATALINA_BASE:         D:\Divers\esisa\3eme annee\java s2\apache-tomcat-9.0.0.M11
19-Mar-2019 14:47:30.425 INFO [main] org.apache.catalina.startup.VersionLoggerListener.log CATALINA_HOME:         D:\Divers\esisa\3eme annee\java s2\apache-tomcat-9.0.0.M11
19-Mar-2019 14:47:30.426 INFO [main] org.apache.catalina.startup.VersionLoggerListener.log Command line argument: -Djdk.tls.ephemeralDHKeySize=2048
19-Mar-2019 14:47:30.426 INFO [main] org.apache.catalina.startup.VersionLoggerListener.log Command line argument: -Djava.protocol.handler.pkgs=org.apache.catalina.webresources
19-Mar-2019 14:47:30.426 INFO [main] org.apache.catalina.startup.VersionLoggerListener.log Command line argument: -Djava.util.logging.config.file=D:\Divers\esisa\3eme annee\java s2\apache-tomcat-9.0.0.M11\conf\logging.properties
19-Mar-2019 14:47:30.426 INFO [main] org.apache.catalina.startup.VersionLoggerListener.log Command line argument: -Djava.util.logging.manager=org.apache.juli.ClassLoaderLogManager
19-Mar-2019 14:47:30.426 INFO [main] org.apache.catalina.startup.VersionLoggerListener.log Command line argument: -Dcatalina.base=D:\Divers\esisa\3eme annee\java s2\apache-tomcat-9.0.0.M11
19-Mar-2019 14:47:30.433 INFO [main] org.apache.catalina.startup.VersionLoggerListener.log Command line argument: -Dcatalina.home=D:\Divers\esisa\3eme annee\java s2\apache-tomcat-9.0.0.M11
19-Mar-2019 14:47:30.435 INFO [main] org.apache.catalina.startup.VersionLoggerListener.log Command line argument: -Djava.io.tmpdir=D:\Divers\esisa\3eme annee\java s2\apache-tomcat-9.0.0.M11\temp
19-Mar-2019 14:47:30.437 INFO [main] org.apache.catalina.core.AprLifecycleListener.lifecycleEvent The APR based Apache Tomcat Native library which allows optimal performance in production environments was not found on the java.library.path: C:\Program Files\Java\jdk-10.0.2\bin;C:\WINDOWS\Sun\Java\bin;C:\WINDOWS\system32;C:\WINDOWS;C:\Program Files\Microsoft MPI\Bin\;C:\Program Files (x86)\EasyPHP-DevServer-14.1VC9\binaries\php\php_runningversion;C:\Program Files (x86)\Common Files\Oracle\Java\javapath;C:\ProgramData\Oracle\Java\javapath;C:\WINDOWS\system32;C:\WINDOWS;C:\WINDOWS\System32\Wbem;C:\WINDOWS\System32\WindowsPowerShell\v1.0\;C:\Program Files\Microsoft SQL Server\110\Tools\Binn\;C:\Program Files\nodejs\;C:\Program Files (x86)\Addinsoft\XLSTAT2011;C:\WINDOWS\System32\OpenSSH\;C:\Program Files\dotnet\;C:\Program Files\Microsoft SQL Server\130\Tools\Binn\;c:\Program Files (x86)\Microsoft SQL Server\110\Tools\Binn\ManagementStudio\;c:\Program Files (x86)\Microsoft SQL Server\110\Tools\Binn\;c:\Program Files (x86)\Microsoft SQL Server\110\DTS\Binn\;C:\Program Files (x86)\MySQL\MySQL Fabric 1.5 & MySQL Utilities 1.5\;C:\Program Files (x86)\MySQL\MySQL Fabric 1.5 & MySQL Utilities 1.5\Doctrine extensions for PHP\;c:\Program Files\Microsoft SQL Server\110\DTS\Binn\;C:\Program Files\Git\cmd;C:\Users\zrs\AppData\Roaming\npm;C:\Users\zrs\AppData\Local\atom\bin;C:\Users\zrs\AppData\Local\Microsoft\WindowsApps;C:\Users\zrs\AppData\Local\Programs\Microsoft VS Code\bin;.
19-Mar-2019 14:47:30.502 INFO [main] org.apache.coyote.AbstractProtocol.init Initializing ProtocolHandler ["http-nio-8080"]
19-Mar-2019 14:47:30.780 INFO [main] org.apache.tomcat.util.net.NioSelectorPool.getSharedSelector Using a shared selector for servlet write/read
19-Mar-2019 14:47:30.785 INFO [main] org.apache.coyote.AbstractProtocol.init Initializing ProtocolHandler ["ajp-nio-8009"]
19-Mar-2019 14:47:30.789 INFO [main] org.apache.tomcat.util.net.NioSelectorPool.getSharedSelector Using a shared selector for servlet write/read
19-Mar-2019 14:47:30.790 INFO [main] org.apache.catalina.startup.Catalina.load Initialization processed in 1014 ms
19-Mar-2019 14:47:30.873 INFO [main] org.apache.catalina.core.StandardService.startInternal Starting service Catalina
19-Mar-2019 14:47:30.877 INFO [main] org.apache.catalina.core.StandardEngine.startInternal Starting Servlet Engine: Apache Tomcat/9.0.0.M11
19-Mar-2019 14:47:30.919 INFO [localhost-startStop-1] org.apache.catalina.startup.HostConfig.deployWAR Deploying web application archive D:\Divers\esisa\3eme annee\java s2\apache-tomcat-9.0.0.M11\webapps\p01.war
19-Mar-2019 14:47:31.609 INFO [localhost-startStop-1] org.apache.catalina.util.SessionIdGeneratorBase.createSecureRandom Creation of SecureRandom instance for session ID generation using [SHA1PRNG] took [211] milliseconds.
19-Mar-2019 14:47:31.641 INFO [localhost-startStop-1] org.apache.catalina.startup.HostConfig.deployWAR Deployment of web application archive D:\Divers\esisa\3eme annee\java s2\apache-tomcat-9.0.0.M11\webapps\p01.war has finished in 722 ms
19-Mar-2019 14:47:31.646 INFO [localhost-startStop-1] org.apache.catalina.startup.HostConfig.deployDirectory Deploying web application directory D:\Divers\esisa\3eme annee\java s2\apache-tomcat-9.0.0.M11\webapps\docs
19-Mar-2019 14:47:31.690 INFO [localhost-startStop-1] org.apache.catalina.startup.HostConfig.deployDirectory Deployment of web application directory D:\Divers\esisa\3eme annee\java s2\apache-tomcat-9.0.0.M11\webapps\docs has finished in 44 ms
19-Mar-2019 14:47:31.691 INFO [localhost-startStop-1] org.apache.catalina.startup.HostConfig.deployDirectory Deploying web application directory D:\Divers\esisa\3eme annee\java s2\apache-tomcat-9.0.0.M11\webapps\examples
19-Mar-2019 14:47:32.152 INFO [localhost-startStop-1] org.apache.catalina.startup.HostConfig.deployDirectory Deployment of web application directory D:\Divers\esisa\3eme annee\java s2\apache-tomcat-9.0.0.M11\webapps\examples has finished in 461 ms
19-Mar-2019 14:47:32.154 INFO [localhost-startStop-1] org.apache.catalina.startup.HostConfig.deployDirectory Deploying web application directory D:\Divers\esisa\3eme annee\java s2\apache-tomcat-9.0.0.M11\webapps\host-manager
19-Mar-2019 14:47:32.202 INFO [localhost-startStop-1] org.apache.catalina.startup.HostConfig.deployDirectory Deployment of web application directory D:\Divers\esisa\3eme annee\java s2\apache-tomcat-9.0.0.M11\webapps\host-manager has finished in 49 ms
19-Mar-2019 14:47:32.203 INFO [localhost-startStop-1] org.apache.catalina.startup.HostConfig.deployDirectory Deploying web application directory D:\Divers\esisa\3eme annee\java s2\apache-tomcat-9.0.0.M11\webapps\manager
19-Mar-2019 14:47:32.250 INFO [localhost-startStop-1] org.apache.catalina.startup.HostConfig.deployDirectory Deployment of web application directory D:\Divers\esisa\3eme annee\java s2\apache-tomcat-9.0.0.M11\webapps\manager has finished in 47 ms
19-Mar-2019 14:47:32.250 INFO [localhost-startStop-1] org.apache.catalina.startup.HostConfig.deployDirectory Deploying web application directory D:\Divers\esisa\3eme annee\java s2\apache-tomcat-9.0.0.M11\webapps\ROOT
19-Mar-2019 14:47:32.284 INFO [localhost-startStop-1] org.apache.catalina.startup.HostConfig.deployDirectory Deployment of web application directory D:\Divers\esisa\3eme annee\java s2\apache-tomcat-9.0.0.M11\webapps\ROOT has finished in 34 ms
19-Mar-2019 14:47:32.293 INFO [main] org.apache.coyote.AbstractProtocol.start Starting ProtocolHandler [http-nio-8080]
19-Mar-2019 14:47:32.309 INFO [main] org.apache.coyote.AbstractProtocol.start Starting ProtocolHandler [ajp-nio-8009]
19-Mar-2019 14:47:32.316 INFO [main] org.apache.catalina.startup.Catalina.start Server startup in 1525 ms
19-Mar-2019 15:07:16.705 INFO [Thread-4] org.apache.coyote.AbstractProtocol.pause Pausing ProtocolHandler ["http-nio-8080"]
19-Mar-2019 15:07:16.761 INFO [Thread-4] org.apache.coyote.AbstractProtocol.pause Pausing ProtocolHandler ["ajp-nio-8009"]
19-Mar-2019 15:07:16.812 INFO [Thread-4] org.apache.catalina.core.StandardService.stopInternal Stopping service Catalina
19-Mar-2019 15:07:16.923 INFO [Thread-4] org.apache.coyote.AbstractProtocol.stop Stopping ProtocolHandler ["http-nio-8080"]
19-Mar-2019 15:07:16.929 INFO [Thread-4] org.apache.coyote.AbstractProtocol.stop Stopping ProtocolHandler ["ajp-nio-8009"]
19-Mar-2019 15:07:16.932 INFO [Thread-4] org.apache.coyote.AbstractProtocol.destroy Destroying ProtocolHandler ["http-nio-8080"]
19-Mar-2019 15:07:16.933 INFO [Thread-4] org.apache.coyote.AbstractProtocol.destroy Destroying ProtocolHandler ["ajp-nio-8009"]
