[2019-04-28 14:18:14.097] [exthost1] [info] extension host started
[2019-04-28 14:18:14.187] [exthost1] [info] ExtensionService#_doActivateExtension vscode.debug-auto-launch {"startup":true,"activationEvent":"*"}
[2019-04-28 14:18:14.188] [exthost1] [info] ExtensionService#loadCommonJSModule c:\Users\zrs\.codemix\engine\resources\app\extensions\debug-auto-launch\out\extension
[2019-04-28 14:18:15.013] [exthost1] [info] ExtensionService#_doActivateExtension vscode.emmet {"startup":true,"activationEvent":"*"}
[2019-04-28 14:18:15.013] [exthost1] [info] ExtensionService#loadCommonJSModule c:\Users\zrs\.codemix\engine\resources\app\extensions\emmet\dist\extension
[2019-04-28 14:18:15.390] [exthost1] [info] ExtensionService#_doActivateExtension vscode.merge-conflict {"startup":true,"activationEvent":"*"}
[2019-04-28 14:18:15.390] [exthost1] [info] ExtensionService#loadCommonJSModule c:\Users\zrs\.codemix\engine\resources\app\extensions\merge-conflict\out\extension
[2019-04-28 14:18:17.179] [exthost1] [info] ExtensionService#_doActivateExtension vscode.search-rg {"startup":true,"activationEvent":"*"}
[2019-04-28 14:18:17.179] [exthost1] [info] ExtensionService#loadCommonJSModule c:\Users\zrs\.codemix\engine\resources\app\extensions\search-rg\out\extension
[2019-04-28 14:18:18.576] [exthost1] [info] ExtensionService#_doActivateExtension christian-kohler.path-intellisense {"startup":true,"activationEvent":"*"}
[2019-04-28 14:18:18.576] [exthost1] [info] ExtensionService#loadCommonJSModule C:\Users\zrs\.codemix\extensions\christian-kohler.path-intellisense-1.4.2\out\src\extension
[2019-04-28 14:18:19.445] [exthost1] [info] ExtensionService#_doActivateExtension dbaeumer.vscode-eslint {"startup":true,"activationEvent":"*"}
[2019-04-28 14:18:19.445] [exthost1] [info] ExtensionService#loadCommonJSModule C:\Users\zrs\.codemix\extensions\dbaeumer.vscode-eslint-1.4.10\client\out\extension
[2019-04-28 14:18:23.080] [exthost1] [info] ExtensionService#_doActivateExtension formulahendry.auto-close-tag {"startup":true,"activationEvent":"*"}
[2019-04-28 14:18:23.080] [exthost1] [info] ExtensionService#loadCommonJSModule C:\Users\zrs\.codemix\extensions\formulahendry.auto-close-tag-0.5.6\out\src\extension
[2019-04-28 14:18:23.118] [exthost1] [info] ExtensionService#_doActivateExtension formulahendry.auto-rename-tag {"startup":true,"activationEvent":"*"}
[2019-04-28 14:18:23.118] [exthost1] [info] ExtensionService#loadCommonJSModule C:\Users\zrs\.codemix\extensions\formulahendry.auto-rename-tag-0.0.15\out\src\extension
[2019-04-28 14:18:23.212] [exthost1] [info] ExtensionService#_doActivateExtension Zignd.html-css-class-completion {"startup":true,"activationEvent":"*"}
[2019-04-28 14:18:23.212] [exthost1] [info] ExtensionService#loadCommonJSModule C:\Users\zrs\.codemix\extensions\zignd.html-css-class-completion-1.18.0\out\src\extension
[2019-04-28 14:18:31.498] [exthost1] [info] eager extensions activated
[2019-04-28 14:18:31.501] [exthost1] [info] ExtensionService#_doActivateExtension vscode.configuration-editing {"startup":false,"activationEvent":"onLanguage:jsonc"}
[2019-04-28 14:18:31.501] [exthost1] [info] ExtensionService#loadCommonJSModule c:\Users\zrs\.codemix\engine\resources\app\extensions\configuration-editing\out\extension
[2019-04-28 14:18:31.691] [exthost1] [info] ExtensionService#_doActivateExtension vscode.json-language-features {"startup":false,"activationEvent":"onLanguage:jsonc"}
[2019-04-28 14:18:31.691] [exthost1] [info] ExtensionService#loadCommonJSModule c:\Users\zrs\.codemix\engine\resources\app\extensions\json-language-features\client\dist\jsonMain
[2019-04-28 14:18:33.236] [exthost1] [info] ExtensionService#_doActivateExtension vscode.typescript-language-features {"startup":false,"activationEvent":"onLanguage:jsonc"}
[2019-04-28 14:18:33.236] [exthost1] [info] ExtensionService#loadCommonJSModule c:\Users\zrs\.codemix\engine\resources\app\extensions\typescript-language-features\dist\extension
[2019-04-28 14:18:34.346] [exthost1] [info] ExtensionService#_doActivateExtension vscode.grunt {"startup":false,"activationEvent":"onCommand:workbench.action.tasks.runTask"}
[2019-04-28 14:18:34.346] [exthost1] [info] ExtensionService#loadCommonJSModule c:\Users\zrs\.codemix\engine\resources\app\extensions\grunt\out\main
[2019-04-28 14:18:34.471] [exthost1] [info] ExtensionService#_doActivateExtension vscode.gulp {"startup":false,"activationEvent":"onCommand:workbench.action.tasks.runTask"}
[2019-04-28 14:18:34.471] [exthost1] [info] ExtensionService#loadCommonJSModule c:\Users\zrs\.codemix\engine\resources\app\extensions\gulp\out\main
[2019-04-28 14:18:34.574] [exthost1] [info] ExtensionService#_doActivateExtension vscode.jake {"startup":false,"activationEvent":"onCommand:workbench.action.tasks.runTask"}
[2019-04-28 14:18:34.574] [exthost1] [info] ExtensionService#loadCommonJSModule c:\Users\zrs\.codemix\engine\resources\app\extensions\jake\out\main
[2019-04-28 14:18:34.647] [exthost1] [info] ExtensionService#_doActivateExtension vscode.npm {"startup":false,"activationEvent":"onCommand:workbench.action.tasks.runTask"}
[2019-04-28 14:18:34.647] [exthost1] [info] ExtensionService#loadCommonJSModule c:\Users\zrs\.codemix\engine\resources\app\extensions\npm\out\main
