[2019-04-02 14:17:22.136] [exthost1] [info] extension host started
[2019-04-02 14:17:22.446] [exthost1] [info] ExtensionService#_doActivateExtension vscode.debug-auto-launch {"startup":true,"activationEvent":"*"}
[2019-04-02 14:17:22.447] [exthost1] [info] ExtensionService#loadCommonJSModule c:\Users\zrs\.codemix\engine\resources\app\extensions\debug-auto-launch\out\extension
[2019-04-02 14:17:22.607] [exthost1] [info] ExtensionService#_doActivateExtension vscode.emmet {"startup":true,"activationEvent":"*"}
[2019-04-02 14:17:22.607] [exthost1] [info] ExtensionService#loadCommonJSModule c:\Users\zrs\.codemix\engine\resources\app\extensions\emmet\dist\extension
[2019-04-02 14:17:23.158] [exthost1] [info] ExtensionService#_doActivateExtension vscode.merge-conflict {"startup":true,"activationEvent":"*"}
[2019-04-02 14:17:23.158] [exthost1] [info] ExtensionService#loadCommonJSModule c:\Users\zrs\.codemix\engine\resources\app\extensions\merge-conflict\out\extension
[2019-04-02 14:17:24.598] [exthost1] [info] ExtensionService#_doActivateExtension vscode.search-rg {"startup":true,"activationEvent":"*"}
[2019-04-02 14:17:24.598] [exthost1] [info] ExtensionService#loadCommonJSModule c:\Users\zrs\.codemix\engine\resources\app\extensions\search-rg\out\extension
[2019-04-02 14:17:25.186] [exthost1] [info] ExtensionService#_doActivateExtension christian-kohler.path-intellisense {"startup":true,"activationEvent":"*"}
[2019-04-02 14:17:25.186] [exthost1] [info] ExtensionService#loadCommonJSModule C:\Users\zrs\.codemix\extensions\christian-kohler.path-intellisense-1.4.2\out\src\extension
[2019-04-02 14:17:25.441] [exthost1] [info] ExtensionService#_doActivateExtension dbaeumer.vscode-eslint {"startup":true,"activationEvent":"*"}
[2019-04-02 14:17:25.442] [exthost1] [info] ExtensionService#loadCommonJSModule C:\Users\zrs\.codemix\extensions\dbaeumer.vscode-eslint-1.4.10\client\out\extension
[2019-04-02 14:17:27.788] [exthost1] [info] ExtensionService#_doActivateExtension formulahendry.auto-close-tag {"startup":true,"activationEvent":"*"}
[2019-04-02 14:17:27.789] [exthost1] [info] ExtensionService#loadCommonJSModule C:\Users\zrs\.codemix\extensions\formulahendry.auto-close-tag-0.5.6\out\src\extension
[2019-04-02 14:17:27.804] [exthost1] [info] ExtensionService#_doActivateExtension formulahendry.auto-rename-tag {"startup":true,"activationEvent":"*"}
[2019-04-02 14:17:27.804] [exthost1] [info] ExtensionService#loadCommonJSModule C:\Users\zrs\.codemix\extensions\formulahendry.auto-rename-tag-0.0.15\out\src\extension
[2019-04-02 14:17:27.914] [exthost1] [info] ExtensionService#_doActivateExtension Zignd.html-css-class-completion {"startup":true,"activationEvent":"*"}
[2019-04-02 14:17:27.914] [exthost1] [info] ExtensionService#loadCommonJSModule C:\Users\zrs\.codemix\extensions\zignd.html-css-class-completion-1.18.0\out\src\extension
[2019-04-02 14:17:35.531] [exthost1] [info] eager extensions activated
[2019-04-02 14:17:35.532] [exthost1] [info] ExtensionService#_doActivateExtension vscode.configuration-editing {"startup":false,"activationEvent":"onLanguage:jsonc"}
[2019-04-02 14:17:35.533] [exthost1] [info] ExtensionService#loadCommonJSModule c:\Users\zrs\.codemix\engine\resources\app\extensions\configuration-editing\out\extension
[2019-04-02 14:17:35.709] [exthost1] [info] ExtensionService#_doActivateExtension vscode.json-language-features {"startup":false,"activationEvent":"onLanguage:jsonc"}
[2019-04-02 14:17:35.709] [exthost1] [info] ExtensionService#loadCommonJSModule c:\Users\zrs\.codemix\engine\resources\app\extensions\json-language-features\client\dist\jsonMain
[2019-04-02 14:17:36.809] [exthost1] [info] ExtensionService#_doActivateExtension vscode.typescript-language-features {"startup":false,"activationEvent":"onLanguage:jsonc"}
[2019-04-02 14:17:36.809] [exthost1] [info] ExtensionService#loadCommonJSModule c:\Users\zrs\.codemix\engine\resources\app\extensions\typescript-language-features\dist\extension
[2019-04-02 14:17:37.948] [exthost1] [info] ExtensionService#_doActivateExtension vscode.grunt {"startup":false,"activationEvent":"onCommand:workbench.action.tasks.runTask"}
[2019-04-02 14:17:37.948] [exthost1] [info] ExtensionService#loadCommonJSModule c:\Users\zrs\.codemix\engine\resources\app\extensions\grunt\out\main
[2019-04-02 14:17:37.989] [exthost1] [info] ExtensionService#_doActivateExtension vscode.gulp {"startup":false,"activationEvent":"onCommand:workbench.action.tasks.runTask"}
[2019-04-02 14:17:37.989] [exthost1] [info] ExtensionService#loadCommonJSModule c:\Users\zrs\.codemix\engine\resources\app\extensions\gulp\out\main
[2019-04-02 14:17:38.030] [exthost1] [info] ExtensionService#_doActivateExtension vscode.jake {"startup":false,"activationEvent":"onCommand:workbench.action.tasks.runTask"}
[2019-04-02 14:17:38.030] [exthost1] [info] ExtensionService#loadCommonJSModule c:\Users\zrs\.codemix\engine\resources\app\extensions\jake\out\main
[2019-04-02 14:17:38.072] [exthost1] [info] ExtensionService#_doActivateExtension vscode.npm {"startup":false,"activationEvent":"onCommand:workbench.action.tasks.runTask"}
[2019-04-02 14:17:38.072] [exthost1] [info] ExtensionService#loadCommonJSModule c:\Users\zrs\.codemix\engine\resources\app\extensions\npm\out\main
[2019-04-02 14:21:35.848] [exthost1] [info] extension host started
[2019-04-02 14:21:36.025] [exthost1] [info] ExtensionService#_doActivateExtension vscode.debug-auto-launch {"startup":true,"activationEvent":"*"}
[2019-04-02 14:21:36.025] [exthost1] [info] ExtensionService#loadCommonJSModule c:\Users\zrs\.codemix\engine\resources\app\extensions\debug-auto-launch\out\extension
[2019-04-02 14:21:36.062] [exthost1] [info] ExtensionService#_doActivateExtension vscode.emmet {"startup":true,"activationEvent":"*"}
[2019-04-02 14:21:36.062] [exthost1] [info] ExtensionService#loadCommonJSModule c:\Users\zrs\.codemix\engine\resources\app\extensions\emmet\dist\extension
[2019-04-02 14:21:36.379] [exthost1] [info] ExtensionService#_doActivateExtension vscode.merge-conflict {"startup":true,"activationEvent":"*"}
[2019-04-02 14:21:36.379] [exthost1] [info] ExtensionService#loadCommonJSModule c:\Users\zrs\.codemix\engine\resources\app\extensions\merge-conflict\out\extension
[2019-04-02 14:21:36.469] [exthost1] [info] ExtensionService#_doActivateExtension vscode.search-rg {"startup":true,"activationEvent":"*"}
[2019-04-02 14:21:36.469] [exthost1] [info] ExtensionService#loadCommonJSModule c:\Users\zrs\.codemix\engine\resources\app\extensions\search-rg\out\extension
[2019-04-02 14:21:36.562] [exthost1] [info] ExtensionService#_doActivateExtension christian-kohler.path-intellisense {"startup":true,"activationEvent":"*"}
[2019-04-02 14:21:36.562] [exthost1] [info] ExtensionService#loadCommonJSModule C:\Users\zrs\.codemix\extensions\christian-kohler.path-intellisense-1.4.2\out\src\extension
[2019-04-02 14:21:36.688] [exthost1] [info] ExtensionService#_doActivateExtension dbaeumer.vscode-eslint {"startup":true,"activationEvent":"*"}
[2019-04-02 14:21:36.688] [exthost1] [info] ExtensionService#loadCommonJSModule C:\Users\zrs\.codemix\extensions\dbaeumer.vscode-eslint-1.4.10\client\out\extension
[2019-04-02 14:21:37.080] [exthost1] [info] ExtensionService#_doActivateExtension formulahendry.auto-close-tag {"startup":true,"activationEvent":"*"}
[2019-04-02 14:21:37.080] [exthost1] [info] ExtensionService#loadCommonJSModule C:\Users\zrs\.codemix\extensions\formulahendry.auto-close-tag-0.5.6\out\src\extension
[2019-04-02 14:21:37.086] [exthost1] [info] ExtensionService#_doActivateExtension formulahendry.auto-rename-tag {"startup":true,"activationEvent":"*"}
[2019-04-02 14:21:37.086] [exthost1] [info] ExtensionService#loadCommonJSModule C:\Users\zrs\.codemix\extensions\formulahendry.auto-rename-tag-0.0.15\out\src\extension
[2019-04-02 14:21:37.105] [exthost1] [info] ExtensionService#_doActivateExtension Zignd.html-css-class-completion {"startup":true,"activationEvent":"*"}
[2019-04-02 14:21:37.105] [exthost1] [info] ExtensionService#loadCommonJSModule C:\Users\zrs\.codemix\extensions\zignd.html-css-class-completion-1.18.0\out\src\extension
[2019-04-02 14:21:40.288] [exthost1] [info] ExtensionService#_doActivateExtension vscode.configuration-editing {"startup":false,"activationEvent":"onLanguage:jsonc"}
[2019-04-02 14:21:40.288] [exthost1] [info] ExtensionService#loadCommonJSModule c:\Users\zrs\.codemix\engine\resources\app\extensions\configuration-editing\out\extension
[2019-04-02 14:21:40.367] [exthost1] [info] ExtensionService#_doActivateExtension vscode.json-language-features {"startup":false,"activationEvent":"onLanguage:jsonc"}
[2019-04-02 14:21:40.367] [exthost1] [info] ExtensionService#loadCommonJSModule c:\Users\zrs\.codemix\engine\resources\app\extensions\json-language-features\client\dist\jsonMain
[2019-04-02 14:21:41.111] [exthost1] [info] ExtensionService#_doActivateExtension vscode.typescript-language-features {"startup":false,"activationEvent":"onLanguage:jsonc"}
[2019-04-02 14:21:41.111] [exthost1] [info] ExtensionService#loadCommonJSModule c:\Users\zrs\.codemix\engine\resources\app\extensions\typescript-language-features\dist\extension
[2019-04-02 14:21:41.809] [exthost1] [info] ExtensionService#_doActivateExtension vscode.grunt {"startup":false,"activationEvent":"onCommand:workbench.action.tasks.runTask"}
[2019-04-02 14:21:41.809] [exthost1] [info] ExtensionService#loadCommonJSModule c:\Users\zrs\.codemix\engine\resources\app\extensions\grunt\out\main
[2019-04-02 14:21:41.838] [exthost1] [info] ExtensionService#_doActivateExtension vscode.gulp {"startup":false,"activationEvent":"onCommand:workbench.action.tasks.runTask"}
[2019-04-02 14:21:41.839] [exthost1] [info] ExtensionService#loadCommonJSModule c:\Users\zrs\.codemix\engine\resources\app\extensions\gulp\out\main
[2019-04-02 14:21:41.869] [exthost1] [info] ExtensionService#_doActivateExtension vscode.jake {"startup":false,"activationEvent":"onCommand:workbench.action.tasks.runTask"}
[2019-04-02 14:21:41.869] [exthost1] [info] ExtensionService#loadCommonJSModule c:\Users\zrs\.codemix\engine\resources\app\extensions\jake\out\main
[2019-04-02 14:21:41.890] [exthost1] [info] ExtensionService#_doActivateExtension vscode.npm {"startup":false,"activationEvent":"onCommand:workbench.action.tasks.runTask"}
[2019-04-02 14:21:41.890] [exthost1] [info] ExtensionService#loadCommonJSModule c:\Users\zrs\.codemix\engine\resources\app\extensions\npm\out\main
[2019-04-02 14:21:42.264] [exthost1] [info] ExtensionService#_doActivateExtension vscode.html-language-features {"startup":false,"activationEvent":"onLanguage:html"}
[2019-04-02 14:21:42.264] [exthost1] [info] ExtensionService#loadCommonJSModule c:\Users\zrs\.codemix\engine\resources\app\extensions\html-language-features\client\dist\htmlMain
[2019-04-02 14:21:43.093] [exthost1] [info] ExtensionService#_doActivateExtension mkaufman.HTMLHint {"startup":false,"activationEvent":"onLanguage:html"}
[2019-04-02 14:21:43.093] [exthost1] [info] ExtensionService#loadCommonJSModule C:\Users\zrs\.codemix\extensions\mkaufman.htmlhint-0.5.0\out\extension
[2019-04-02 14:21:47.910] [exthost1] [info] eager extensions activated
